Release 14.7 - xst P.20131013 (nt64)
Copyright (c) 1995-2013 Xilinx, Inc.  All rights reserved.
--> Parameter TMPDIR set to xst/projnav.tmp


Total REAL time to Xst completion: 0.00 secs
Total CPU time to Xst completion: 0.07 secs
 
--> Parameter xsthdpdir set to xst


Total REAL time to Xst completion: 0.00 secs
Total CPU time to Xst completion: 0.07 secs
 
--> Reading design: decoder.prj

TABLE OF CONTENTS
  1) Synthesis Options Summary
  2) HDL Compilation
  3) Design Hierarchy Analysis
  4) HDL Analysis
  5) HDL Synthesis
     5.1) HDL Synthesis Report
  6) Advanced HDL Synthesis
     6.1) Advanced HDL Synthesis Report
  7) Low Level Synthesis
  8) Partition Report
  9) Final Report
	9.1) Device utilization summary
	9.2) Partition Resource Summary
	9.3) TIMING REPORT


=========================================================================
*                      Synthesis Options Summary                        *
=========================================================================
---- Source Parameters
Input File Name                    : "decoder.prj"
Input Format                       : mixed
Ignore Synthesis Constraint File   : NO

---- Target Parameters
Output File Name                   : "decoder"
Output Format                      : NGC
Target Device                      : xc3s100e-4-vq100

---- Source Options
Top Module Name                    : decoder
Automatic FSM Extraction           : YES
FSM Encoding Algorithm             : Auto
Safe Implementation                : No
FSM Style                          : LUT
RAM Extraction                     : Yes
RAM Style                          : Auto
ROM Extraction                     : Yes
Mux Style                          : Auto
Decoder Extraction                 : YES
Priority Encoder Extraction        : Yes
Shift Register Extraction          : YES
Logical Shifter Extraction         : YES
XOR Collapsing                     : YES
ROM Style                          : Auto
Mux Extraction                     : Yes
Resource Sharing                   : YES
Asynchronous To Synchronous        : NO
Multiplier Style                   : Auto
Automatic Register Balancing       : No

---- Target Options
Add IO Buffers                     : YES
Global Maximum Fanout              : 100000
Add Generic Clock Buffer(BUFG)     : 24
Register Duplication               : YES
Slice Packing                      : YES
Optimize Instantiated Primitives   : NO
Use Clock Enable                   : Yes
Use Synchronous Set                : Yes
Use Synchronous Reset              : Yes
Pack IO Registers into IOBs        : Auto
Equivalent register Removal        : YES

---- General Options
Optimization Goal                  : Speed
Optimization Effort                : 1
Keep Hierarchy                     : No
Netlist Hierarchy                  : As_Optimized
RTL Output                         : Yes
Global Optimization                : AllClockNets
Read Cores                         : YES
Write Timing Constraints           : NO
Cross Clock Analysis               : NO
Hierarchy Separator                : /
Bus Delimiter                      : <>
Case Specifier                     : Maintain
Slice Utilization Ratio            : 100
BRAM Utilization Ratio             : 100
Verilog 2001                       : YES
Auto BRAM Packing                  : NO
Slice Utilization Ratio Delta      : 5

=========================================================================


=========================================================================
*                          HDL Compilation                              *
=========================================================================
Compiling vhdl file "C:/Users/Fabio/Downloads/HaaFuncionandoJaneiro-20180501T153158Z-001/TrabalhoCLC/encoder.vhd" in Library work.
Architecture behavioral of Entity encoder is up to date.
Compiling vhdl file "C:/Users/Fabio/Downloads/HaaFuncionandoJaneiro-20180501T153158Z-001/TrabalhoCLC/decoder.vhd" in Library work.
Entity <decoder> compiled.
Entity <decoder> (Architecture <behavioral>) compiled.

=========================================================================
*                     Design Hierarchy Analysis                         *
=========================================================================
Analyzing hierarchy for entity <decoder> in library <work> (architecture <behavioral>).

Analyzing hierarchy for entity <encoder> in library <work> (architecture <Behavioral>).


=========================================================================
*                            HDL Analysis                               *
=========================================================================
Analyzing Entity <decoder> in library <work> (Architecture <behavioral>).
Entity <decoder> analyzed. Unit <decoder> generated.

Analyzing Entity <encoder> in library <work> (Architecture <Behavioral>).
Entity <encoder> analyzed. Unit <encoder> generated.


=========================================================================
*                           HDL Synthesis                               *
=========================================================================

Performing bidirectional port resolution...

Synthesizing Unit <encoder>.
    Related source file is "C:/Users/Fabio/Downloads/HaaFuncionandoJaneiro-20180501T153158Z-001/TrabalhoCLC/encoder.vhd".
    Found 12-bit xor3 for signal <saida<39:28>>.
    Found 1-bit xor2 for signal <saida<27>>.
    Found 2-bit xor3 for signal <saida<26:25>>.
    Found 1-bit xor2 for signal <saida<24>>.
    Found 4-bit xor3 for signal <saida<23:20>>.
    Found 1-bit xor3 for signal <saida<19>>.
    Found 1-bit xor2 for signal <saida<18>>.
    Found 2-bit xor2 for signal <saida<17:16>>.
    Found 1-bit xor2 for signal <saida_16$xor0000> created at line 43.
    Found 1-bit xor2 for signal <saida_20$xor0000> created at line 48.
    Found 1-bit xor2 for signal <saida_22$xor0000> created at line 51.
    Found 1-bit xor2 for signal <saida_25$xor0000> created at line 55.
    Summary:
	inferred  16 Xor(s).
Unit <encoder> synthesized.


Synthesizing Unit <decoder>.
    Related source file is "C:/Users/Fabio/Downloads/HaaFuncionandoJaneiro-20180501T153158Z-001/TrabalhoCLC/decoder.vhd".
    Found 40-bit xor2 for signal <saida>.
Unit <decoder> synthesized.


=========================================================================
HDL Synthesis Report

Macro Statistics
# Xors                                                 : 29
 1-bit xor2                                            : 12
 1-bit xor3                                            : 4
 1-bit xor4                                            : 12
 40-bit xor2                                           : 1

=========================================================================

=========================================================================
*                       Advanced HDL Synthesis                          *
=========================================================================


=========================================================================
Advanced HDL Synthesis Report

Macro Statistics
# Xors                                                 : 29
 1-bit xor2                                            : 12
 1-bit xor3                                            : 4
 1-bit xor4                                            : 12
 40-bit xor2                                           : 1

=========================================================================

=========================================================================
*                         Low Level Synthesis                           *
=========================================================================

Optimizing unit <decoder> ...

Mapping all equations...
Building and optimizing final netlist ...
Found area constraint ratio of 100 (+ 5) on block decoder, actual ratio is 2.

Final Macro Processing ...

=========================================================================
Final Register Report

Found no macro
=========================================================================

=========================================================================
*                           Partition Report                            *
=========================================================================

Partition Implementation Status
-------------------------------

  No Partitions were found in this design.

-------------------------------

=========================================================================
*                            Final Report                               *
=========================================================================
Final Results
RTL Top Level Output File Name     : decoder.ngr
Top Level Output File Name         : decoder
Output Format                      : NGC
Optimization Goal                  : Speed
Keep Hierarchy                     : No

Design Statistics
# IOs                              : 80

Cell Usage :
# BELS                             : 41
#      GND                         : 1
#      LUT4                        : 36
#      MUXF5                       : 4
# IO Buffers                       : 80
#      IBUF                        : 40
#      OBUF                        : 40
=========================================================================

Device utilization summary:
---------------------------

Selected Device : 3s100evq100-4 

 Number of Slices:                       20  out of    960     2%  
 Number of 4 input LUTs:                 36  out of   1920     1%  
 Number of IOs:                          80
 Number of bonded IOBs:                  80  out of     66   121% (*) 

WARNING:Xst:1336 -  (*) More than 100% of Device resources are used

---------------------------
Partition Resource Summary:
---------------------------

  No Partitions were found in this design.

---------------------------


=========================================================================
TIMING REPORT

NOTE: THESE TIMING NUMBERS ARE ONLY A SYNTHESIS ESTIMATE.
      FOR ACCURATE TIMING INFORMATION PLEASE REFER TO THE TRACE REPORT
      GENERATED AFTER PLACE-and-ROUTE.

Clock Information:
------------------
No clock signals found in this design

Asynchronous Control Signals Information:
----------------------------------------
No asynchronous control signals found in this design

Timing Summary:
---------------
Speed Grade: -4

   Minimum period: No path found
   Minimum input arrival time before clock: No path found
   Maximum output required time after clock: No path found
   Maximum combinational path delay: 8.833ns

Timing Detail:
--------------
All values displayed in nanoseconds (ns)

=========================================================================
Timing constraint: Default path analysis
  Total number of paths / destination ports: 140 / 24
-------------------------------------------------------------------------
Delay:               8.833ns (Levels of Logic = 5)
  Source:            entrada<14> (PAD)
  Destination:       saida<39> (PAD)

  Data Path: entrada<14> to saida<39>
                                Gate     Net
    Cell:in->out      fanout   Delay   Delay  Logical Name (Net Name)
    ----------------------------------------  ------------
     IBUF:I->O             8   1.218   0.932  entrada_14_IBUF (entrada_14_IBUF)
     LUT4:I0->O            1   0.704   0.455  saida<39>25 (saida<39>25)
     LUT4:I2->O            1   0.704   0.424  saida<39>52_SW0 (N50)
     LUT4:I3->O            1   0.704   0.420  saida<39>52 (saida_39_OBUF)
     OBUF:I->O                 3.272          saida_39_OBUF (saida<39>)
    ----------------------------------------
    Total                      8.833ns (6.602ns logic, 2.231ns route)
                                       (74.7% logic, 25.3% route)

=========================================================================


Total REAL time to Xst completion: 3.00 secs
Total CPU time to Xst completion: 3.22 secs
 
--> 

Total memory usage is 329996 kilobytes

Number of errors   :    0 (   0 filtered)
Number of warnings :    1 (   0 filtered)
Number of infos    :    0 (   0 filtered)

